<?xml version="1.0" encoding="UTF-8"?>
<testsuite name="com.lyit.csd.tests.unit.PortfolioManager_withdrawFundsUTest" tests="2" skipped="0" failures="0" errors="0" timestamp="2022-04-18T17:25:31" hostname="akanhai-ltmduvu.internal.salesforce.com" time="0.001">
  <properties/>
  <testcase name="withdrawFunds_InvalidTransaction" classname="com.lyit.csd.tests.unit.PortfolioManager_withdrawFundsUTest" time="0.001"/>
  <testcase name="withdrawFunds_ValidTransaction_SufficientBalanceForWithdrawal" classname="com.lyit.csd.tests.unit.PortfolioManager_withdrawFundsUTest" time="0.0"/>
  <system-out><![CDATA[]]></system-out>
  <system-err><![CDATA[]]></system-err>
</testsuite>
